==============================================================================

                  ------ MOMENTUM STATISTICS (MW mode) ------

              Momentum MomEngine_64 11.40.482 (*) built: Dec  2 2014
                           Wed May 11 09:49:43 2022

==============================================================================


------------------------------------------------------------------------------
MESH
------------------------------------------------------------------------------
 Frequency         : 4.5 GHz

 Rectangular cells : 66
 Triangular cells  : 2
 Via cells         : 0

 Edge currents     : 66

------------------------------------------------------------------------------
SOLVER                        USER TIME      ELAPSED TIME      MEMORY         
PROCESSES                      (h:m:s)          (h:m:s)         (MB)          
------------------------------------------------------------------------------

SIMULATION SET-UP
-----------------
 Initialization           |     0: 0: 0   |     0: 0: 0   |    110.41   
 Ports analysis           |     0: 0: 0   |     0: 0: 0   |      0.00   
 Mesh processing          |     0: 0: 0   |     0: 0: 0   |     13.11   

 Matrix size : 576
 Reduced matrix size : 568
 Estimated process size is below 256.00 MB

1. SIMULATION FREQUENCY = 1 GHz 
-------------------------
 Green functions          |     0: 0: 0   |     0: 0: 0   |      0.36   
 Basis creation           |     0: 0: 0   |     0: 0: 0   |      5.06   
 Matrix load              |     0: 0: 1   |     0: 0: 0   |     35.91   
 Matrix solve             |     0: 0: 0   |     0: 0: 0   |      6.29   
 Port calibration         |     0: 0: 1   |     0: 0: 0   |      0.59   
 S parameters             |     0: 0: 0   |     0: 0: 0   |      0.00   

2. SIMULATION FREQUENCY = 1.05 GHz 
-------------------------
 Green functions          |     0: 0: 0   |     0: 0: 0   |      0.53   
 Matrix load              |     0: 0: 2   |     0: 0: 1   |      4.89   
 Matrix solve             |     0: 0: 0   |     0: 0: 0   |      0.00   
 Port calibration         |     0: 0: 0   |     0: 0: 0   |      0.00   
 S parameters             |     0: 0: 0   |     0: 0: 0   |      0.00   

3. SIMULATION FREQUENCY = 1.1 GHz 
-------------------------
 Green functions          |     0: 0: 0   |     0: 0: 0   |      0.00   
 Matrix load              |     0: 0: 2   |     0: 0: 0   |      0.99   
 Matrix solve             |     0: 0: 0   |     0: 0: 0   |      0.00   
 Port calibration         |     0: 0: 0   |     0: 0: 0   |      0.00   
 S parameters             |     0: 0: 0   |     0: 0: 0   |      0.00   

4. SIMULATION FREQUENCY = 1.15 GHz 
-------------------------
 Green functions          |     0: 0: 0   |     0: 0: 0   |      0.00   
 Matrix load              |     0: 0: 2   |     0: 0: 0   |      0.00   
 Matrix solve             |     0: 0: 0   |     0: 0: 0   |      0.00   
 Port calibration         |     0: 0: 0   |     0: 0: 0   |      0.00   
 S parameters             |     0: 0: 0   |     0: 0: 0   |      0.00   

5. SIMULATION FREQUENCY = 1.2 GHz 
-------------------------
 Green functions          |     0: 0: 1   |     0: 0: 0   |      0.00   
 Matrix load              |     0: 0: 2   |     0: 0: 0   |      0.00   
 Matrix solve             |     0: 0: 0   |     0: 0: 0   |      0.46   
 Port calibration         |     0: 0: 0   |     0: 0: 0   |      0.10   
 S parameters             |     0: 0: 0   |     0: 0: 0   |      0.00   

6. SIMULATION FREQUENCY = 1.25 GHz 
-------------------------
 Green functions          |     0: 0: 0   |     0: 0: 1   |      0.00   
 Matrix load              |     0: 0: 2   |     0: 0: 0   |      0.00   
 Matrix solve             |     0: 0: 0   |     0: 0: 0   |      0.00   
 Port calibration         |     0: 0: 0   |     0: 0: 0   |      0.00   
 S parameters             |     0: 0: 0   |     0: 0: 0   |      0.00   

7. SIMULATION FREQUENCY = 1.3 GHz 
-------------------------
 Green functions          |     0: 0: 0   |     0: 0: 0   |      0.00   
 Matrix load              |     0: 0: 2   |     0: 0: 0   |      0.00   
 Matrix solve             |     0: 0: 0   |     0: 0: 0   |      0.00   
 Port calibration         |     0: 0: 0   |     0: 0: 0   |      0.00   
 S parameters             |     0: 0: 0   |     0: 0: 0   |      0.00   

8. SIMULATION FREQUENCY = 1.35 GHz 
-------------------------
 Green functions          |     0: 0: 0   |     0: 0: 0   |      0.00   
 Matrix load              |     0: 0: 2   |     0: 0: 0   |      0.00   
 Matrix solve             |     0: 0: 0   |     0: 0: 0   |      0.00   
 Port calibration         |     0: 0: 0   |     0: 0: 0   |      0.23   
 S parameters             |     0: 0: 0   |     0: 0: 0   |      0.00   

9. SIMULATION FREQUENCY = 1.4 GHz 
-------------------------
 Green functions          |     0: 0: 1   |     0: 0: 0   |      0.00   
 Matrix load              |     0: 0: 1   |     0: 0: 0   |      0.00   
 Matrix solve             |     0: 0: 0   |     0: 0: 1   |      0.00   
 Port calibration         |     0: 0: 0   |     0: 0: 0   |      0.00   
 S parameters             |     0: 0: 0   |     0: 0: 0   |      0.00   

10. SIMULATION FREQUENCY = 1.45 GHz 
-------------------------
 Green functions          |     0: 0: 0   |     0: 0: 0   |      0.00   
 Matrix load              |     0: 0: 2   |     0: 0: 0   |      0.00   
 Matrix solve             |     0: 0: 0   |     0: 0: 0   |      0.00   
 Port calibration         |     0: 0: 0   |     0: 0: 0   |      0.09   
 S parameters             |     0: 0: 0   |     0: 0: 0   |      0.00   

11. SIMULATION FREQUENCY = 1.5 GHz 
-------------------------
 Green functions          |     0: 0: 1   |     0: 0: 0   |      0.00   
 Matrix load              |     0: 0: 2   |     0: 0: 0   |      0.00   
 Matrix solve             |     0: 0: 0   |     0: 0: 0   |      0.00   
 Port calibration         |     0: 0: 0   |     0: 0: 0   |      0.08   
 S parameters             |     0: 0: 0   |     0: 0: 0   |      0.00   

12. SIMULATION FREQUENCY = 1.55 GHz 
-------------------------
 Green functions          |     0: 0: 0   |     0: 0: 0   |      0.00   
 Matrix load              |     0: 0: 2   |     0: 0: 0   |      0.05   
 Matrix solve             |     0: 0: 0   |     0: 0: 0   |      0.00   
 Port calibration         |     0: 0: 0   |     0: 0: 0   |      0.00   
 S parameters             |     0: 0: 0   |     0: 0: 0   |      0.00   

13. SIMULATION FREQUENCY = 1.6 GHz 
-------------------------
 Green functions          |     0: 0: 0   |     0: 0: 0   |      0.00   
 Matrix load              |     0: 0: 1   |     0: 0: 1   |      0.00   
 Matrix solve             |     0: 0: 0   |     0: 0: 0   |      0.00   
 Port calibration         |     0: 0: 1   |     0: 0: 0   |      0.00   
 S parameters             |     0: 0: 0   |     0: 0: 0   |      0.00   

14. SIMULATION FREQUENCY = 1.65 GHz 
-------------------------
 Green functions          |     0: 0: 0   |     0: 0: 0   |      0.00   
 Matrix load              |     0: 0: 2   |     0: 0: 0   |      0.00   
 Matrix solve             |     0: 0: 0   |     0: 0: 0   |      0.00   
 Port calibration         |     0: 0: 0   |     0: 0: 0   |      0.12   
 S parameters             |     0: 0: 0   |     0: 0: 0   |      0.00   

15. SIMULATION FREQUENCY = 1.7 GHz 
-------------------------
 Green functions          |     0: 0: 0   |     0: 0: 0   |      0.00   
 Matrix load              |     0: 0: 2   |     0: 0: 0   |      0.00   
 Matrix solve             |     0: 0: 0   |     0: 0: 0   |      0.00   
 Port calibration         |     0: 0: 0   |     0: 0: 0   |      0.11   
 S parameters             |     0: 0: 0   |     0: 0: 0   |      0.00   

16. SIMULATION FREQUENCY = 1.75 GHz 
-------------------------
 Green functions          |     0: 0: 1   |     0: 0: 0   |      0.00   
 Matrix load              |     0: 0: 1   |     0: 0: 0   |      0.00   
 Matrix solve             |     0: 0: 1   |     0: 0: 0   |      0.00   
 Port calibration         |     0: 0: 0   |     0: 0: 1   |      0.05   
 S parameters             |     0: 0: 0   |     0: 0: 0   |      0.00   

17. SIMULATION FREQUENCY = 1.8 GHz 
-------------------------
 Green functions          |     0: 0: 0   |     0: 0: 0   |      0.00   
 Matrix load              |     0: 0: 1   |     0: 0: 0   |      0.00   
 Matrix solve             |     0: 0: 1   |     0: 0: 0   |      0.00   
 Port calibration         |     0: 0: 0   |     0: 0: 0   |      0.05   
 S parameters             |     0: 0: 0   |     0: 0: 0   |      0.00   

18. SIMULATION FREQUENCY = 1.85 GHz 
-------------------------
 Green functions          |     0: 0: 0   |     0: 0: 0   |      0.00   
 Matrix load              |     0: 0: 2   |     0: 0: 0   |      0.00   
 Matrix solve             |     0: 0: 0   |     0: 0: 0   |      0.00   
 Port calibration         |     0: 0: 0   |     0: 0: 0   |      0.00   
 S parameters             |     0: 0: 0   |     0: 0: 0   |      0.00   

19. SIMULATION FREQUENCY = 1.9 GHz 
-------------------------
 Green functions          |     0: 0: 0   |     0: 0: 0   |      0.00   
 Matrix load              |     0: 0: 2   |     0: 0: 0   |      0.00   
 Matrix solve             |     0: 0: 0   |     0: 0: 0   |      0.00   
 Port calibration         |     0: 0: 0   |     0: 0: 0   |      0.10   
 S parameters             |     0: 0: 0   |     0: 0: 0   |      0.00   

20. SIMULATION FREQUENCY = 1.95 GHz 
-------------------------
 Green functions          |     0: 0: 0   |     0: 0: 0   |      0.00   
 Matrix load              |     0: 0: 2   |     0: 0: 1   |      0.00   
 Matrix solve             |     0: 0: 1   |     0: 0: 0   |      0.00   
 Port calibration         |     0: 0: 0   |     0: 0: 0   |      0.05   
 S parameters             |     0: 0: 0   |     0: 0: 0   |      0.00   

21. SIMULATION FREQUENCY = 2 GHz 
-------------------------
 Green functions          |     0: 0: 0   |     0: 0: 0   |      0.00   
 Matrix load              |     0: 0: 2   |     0: 0: 0   |      0.00   
 Matrix solve             |     0: 0: 0   |     0: 0: 0   |      0.00   
 Port calibration         |     0: 0: 0   |     0: 0: 0   |      0.05   
 S parameters             |     0: 0: 0   |     0: 0: 0   |      0.00   

22. SIMULATION FREQUENCY = 2.05 GHz 
-------------------------
 Green functions          |     0: 0: 0   |     0: 0: 0   |      0.00   
 Matrix load              |     0: 0: 2   |     0: 0: 0   |      0.00   
 Matrix solve             |     0: 0: 0   |     0: 0: 0   |      0.00   
 Port calibration         |     0: 0: 0   |     0: 0: 0   |      0.00   
 S parameters             |     0: 0: 0   |     0: 0: 0   |      0.00   

23. SIMULATION FREQUENCY = 2.1 GHz 
-------------------------
 Green functions          |     0: 0: 0   |     0: 0: 0   |      0.00   
 Matrix load              |     0: 0: 2   |     0: 0: 0   |      0.00   
 Matrix solve             |     0: 0: 0   |     0: 0: 0   |      0.00   
 Port calibration         |     0: 0: 0   |     0: 0: 0   |      0.02   
 S parameters             |     0: 0: 0   |     0: 0: 0   |      0.00   

24. SIMULATION FREQUENCY = 2.15 GHz 
-------------------------
 Green functions          |     0: 0: 1   |     0: 0: 1   |      0.00   
 Matrix load              |     0: 0: 1   |     0: 0: 0   |      0.00   
 Matrix solve             |     0: 0: 0   |     0: 0: 0   |      0.00   
 Port calibration         |     0: 0: 0   |     0: 0: 0   |      0.00   
 S parameters             |     0: 0: 0   |     0: 0: 0   |      0.00   

25. SIMULATION FREQUENCY = 2.2 GHz 
-------------------------
 Green functions          |     0: 0: 0   |     0: 0: 0   |      0.00   
 Matrix load              |     0: 0: 2   |     0: 0: 0   |      0.00   
 Matrix solve             |     0: 0: 0   |     0: 0: 0   |      0.00   
 Port calibration         |     0: 0: 0   |     0: 0: 0   |      0.00   
 S parameters             |     0: 0: 0   |     0: 0: 0   |      0.00   

26. SIMULATION FREQUENCY = 2.25 GHz 
-------------------------
 Green functions          |     0: 0: 1   |     0: 0: 0   |      0.00   
 Matrix load              |     0: 0: 2   |     0: 0: 0   |      0.00   
 Matrix solve             |     0: 0: 0   |     0: 0: 0   |      0.00   
 Port calibration         |     0: 0: 0   |     0: 0: 0   |      0.00   
 S parameters             |     0: 0: 0   |     0: 0: 0   |      0.00   

27. SIMULATION FREQUENCY = 2.3 GHz 
-------------------------
 Green functions          |     0: 0: 0   |     0: 0: 0   |      0.00   
 Matrix load              |     0: 0: 2   |     0: 0: 0   |      0.00   
 Matrix solve             |     0: 0: 0   |     0: 0: 1   |      0.00   
 Port calibration         |     0: 0: 0   |     0: 0: 0   |      0.00   
 S parameters             |     0: 0: 0   |     0: 0: 0   |      0.00   

28. SIMULATION FREQUENCY = 2.35 GHz 
-------------------------
 Green functions          |     0: 0: 0   |     0: 0: 0   |      0.00   
 Matrix load              |     0: 0: 2   |     0: 0: 0   |      0.00   
 Matrix solve             |     0: 0: 0   |     0: 0: 0   |      0.00   
 Port calibration         |     0: 0: 0   |     0: 0: 0   |      0.00   
 S parameters             |     0: 0: 0   |     0: 0: 0   |      0.00   

29. SIMULATION FREQUENCY = 2.4 GHz 
-------------------------
 Green functions          |     0: 0: 0   |     0: 0: 0   |      0.00   
 Matrix load              |     0: 0: 2   |     0: 0: 0   |      0.00   
 Matrix solve             |     0: 0: 0   |     0: 0: 0   |      0.00   
 Port calibration         |     0: 0: 0   |     0: 0: 0   |      0.00   
 S parameters             |     0: 0: 0   |     0: 0: 0   |      0.00   

30. SIMULATION FREQUENCY = 2.45 GHz 
-------------------------
 Green functions          |     0: 0: 1   |     0: 0: 0   |      0.00   
 Matrix load              |     0: 0: 1   |     0: 0: 0   |      0.00   
 Matrix solve             |     0: 0: 0   |     0: 0: 0   |      0.00   
 Port calibration         |     0: 0: 0   |     0: 0: 0   |      0.00   
 S parameters             |     0: 0: 0   |     0: 0: 0   |      0.00   

31. SIMULATION FREQUENCY = 2.5 GHz 
-------------------------
 Green functions          |     0: 0: 0   |     0: 0: 0   |      0.00   
 Matrix load              |     0: 0: 2   |     0: 0: 1   |      0.00   
 Matrix solve             |     0: 0: 0   |     0: 0: 0   |      0.00   
 Port calibration         |     0: 0: 0   |     0: 0: 0   |      0.03   
 S parameters             |     0: 0: 0   |     0: 0: 0   |      0.00   

32. SIMULATION FREQUENCY = 2.55 GHz 
-------------------------
 Green functions          |     0: 0: 1   |     0: 0: 0   |      0.00   
 Matrix load              |     0: 0: 2   |     0: 0: 0   |      0.00   
 Matrix solve             |     0: 0: 0   |     0: 0: 0   |      0.00   
 Port calibration         |     0: 0: 0   |     0: 0: 0   |      0.07   
 S parameters             |     0: 0: 0   |     0: 0: 0   |      0.00   

33. SIMULATION FREQUENCY = 2.6 GHz 
-------------------------
 Green functions          |     0: 0: 0   |     0: 0: 0   |      0.00   
 Matrix load              |     0: 0: 2   |     0: 0: 0   |      0.00   
 Matrix solve             |     0: 0: 0   |     0: 0: 0   |      0.00   
 Port calibration         |     0: 0: 0   |     0: 0: 0   |      0.01   
 S parameters             |     0: 0: 0   |     0: 0: 0   |      0.00   

34. SIMULATION FREQUENCY = 2.65 GHz 
-------------------------
 Green functions          |     0: 0: 0   |     0: 0: 0   |      0.00   
 Matrix load              |     0: 0: 1   |     0: 0: 0   |      0.00   
 Matrix solve             |     0: 0: 0   |     0: 0: 0   |      0.00   
 Port calibration         |     0: 0: 0   |     0: 0: 0   |      0.02   
 S parameters             |     0: 0: 0   |     0: 0: 0   |      0.00   

35. SIMULATION FREQUENCY = 2.7 GHz 
-------------------------
 Green functions          |     0: 0: 1   |     0: 0: 0   |      0.00   
 Matrix load              |     0: 0: 2   |     0: 0: 1   |      0.00   
 Matrix solve             |     0: 0: 0   |     0: 0: 0   |      0.00   
 Port calibration         |     0: 0: 0   |     0: 0: 0   |      0.02   
 S parameters             |     0: 0: 0   |     0: 0: 0   |      0.00   

36. SIMULATION FREQUENCY = 2.75 GHz 
-------------------------
 Green functions          |     0: 0: 0   |     0: 0: 0   |      0.00   
 Matrix load              |     0: 0: 2   |     0: 0: 0   |      0.00   
 Matrix solve             |     0: 0: 0   |     0: 0: 0   |      0.00   
 Port calibration         |     0: 0: 0   |     0: 0: 0   |      0.02   
 S parameters             |     0: 0: 0   |     0: 0: 0   |      0.00   

37. SIMULATION FREQUENCY = 2.8 GHz 
-------------------------
 Green functions          |     0: 0: 0   |     0: 0: 0   |      0.00   
 Matrix load              |     0: 0: 2   |     0: 0: 0   |      0.00   
 Matrix solve             |     0: 0: 0   |     0: 0: 0   |      0.00   
 Port calibration         |     0: 0: 0   |     0: 0: 0   |      0.00   
 S parameters             |     0: 0: 0   |     0: 0: 0   |      0.00   

38. SIMULATION FREQUENCY = 2.85 GHz 
-------------------------
 Green functions          |     0: 0: 0   |     0: 0: 0   |      0.00   
 Matrix load              |     0: 0: 2   |     0: 0: 0   |      0.00   
 Matrix solve             |     0: 0: 0   |     0: 0: 0   |      0.00   
 Port calibration         |     0: 0: 0   |     0: 0: 0   |      0.00   
 S parameters             |     0: 0: 0   |     0: 0: 0   |      0.00   

39. SIMULATION FREQUENCY = 2.9 GHz 
-------------------------
 Green functions          |     0: 0: 1   |     0: 0: 1   |      0.00   
 Matrix load              |     0: 0: 2   |     0: 0: 0   |      0.00   
 Matrix solve             |     0: 0: 0   |     0: 0: 0   |      0.00   
 Port calibration         |     0: 0: 0   |     0: 0: 0   |      0.16   
 S parameters             |     0: 0: 0   |     0: 0: 0   |      0.00   

40. SIMULATION FREQUENCY = 2.95 GHz 
-------------------------
 Green functions          |     0: 0: 0   |     0: 0: 0   |      0.00   
 Matrix load              |     0: 0: 1   |     0: 0: 0   |      0.00   
 Matrix solve             |     0: 0: 0   |     0: 0: 0   |      0.00   
 Port calibration         |     0: 0: 0   |     0: 0: 0   |      0.00   
 S parameters             |     0: 0: 0   |     0: 0: 0   |      0.00   

41. SIMULATION FREQUENCY = 3 GHz 
-------------------------
 Green functions          |     0: 0: 1   |     0: 0: 0   |      0.00   
 Matrix load              |     0: 0: 2   |     0: 0: 0   |      0.00   
 Matrix solve             |     0: 0: 0   |     0: 0: 0   |      0.00   
 Port calibration         |     0: 0: 0   |     0: 0: 0   |      0.00   
 S parameters             |     0: 0: 0   |     0: 0: 0   |      0.00   

42. SIMULATION FREQUENCY = 3.05 GHz 
-------------------------
 Green functions          |     0: 0: 0   |     0: 0: 0   |      0.00   
 Matrix load              |     0: 0: 2   |     0: 0: 1   |      0.00   
 Matrix solve             |     0: 0: 0   |     0: 0: 0   |      0.00   
 Port calibration         |     0: 0: 0   |     0: 0: 0   |      0.00   
 S parameters             |     0: 0: 0   |     0: 0: 0   |      0.00   

43. SIMULATION FREQUENCY = 3.1 GHz 
-------------------------
 Green functions          |     0: 0: 0   |     0: 0: 0   |      0.00   
 Matrix load              |     0: 0: 2   |     0: 0: 0   |      0.00   
 Matrix solve             |     0: 0: 0   |     0: 0: 0   |      0.00   
 Port calibration         |     0: 0: 0   |     0: 0: 0   |      0.00   
 S parameters             |     0: 0: 0   |     0: 0: 0   |      0.00   

44. SIMULATION FREQUENCY = 3.15 GHz 
-------------------------
 Green functions          |     0: 0: 0   |     0: 0: 0   |      0.00   
 Matrix load              |     0: 0: 2   |     0: 0: 0   |      0.00   
 Matrix solve             |     0: 0: 0   |     0: 0: 0   |      0.00   
 Port calibration         |     0: 0: 0   |     0: 0: 0   |      0.00   
 S parameters             |     0: 0: 0   |     0: 0: 0   |      0.00   

45. SIMULATION FREQUENCY = 3.2 GHz 
-------------------------
 Green functions          |     0: 0: 0   |     0: 0: 0   |      0.00   
 Matrix load              |     0: 0: 2   |     0: 0: 0   |      0.00   
 Matrix solve             |     0: 0: 0   |     0: 0: 0   |      0.00   
 Port calibration         |     0: 0: 0   |     0: 0: 0   |      0.00   
 S parameters             |     0: 0: 0   |     0: 0: 0   |      0.00   

46. SIMULATION FREQUENCY = 3.25 GHz 
-------------------------
 Green functions          |     0: 0: 0   |     0: 0: 0   |      0.00   
 Matrix load              |     0: 0: 2   |     0: 0: 1   |      0.00   
 Matrix solve             |     0: 0: 0   |     0: 0: 0   |      0.00   
 Port calibration         |     0: 0: 0   |     0: 0: 0   |      0.00   
 S parameters             |     0: 0: 0   |     0: 0: 0   |      0.00   

47. SIMULATION FREQUENCY = 3.3 GHz 
-------------------------
 Green functions          |     0: 0: 0   |     0: 0: 0   |      0.00   
 Matrix load              |     0: 0: 2   |     0: 0: 0   |      0.00   
 Matrix solve             |     0: 0: 0   |     0: 0: 0   |      0.00   
 Port calibration         |     0: 0: 1   |     0: 0: 0   |      0.00   
 S parameters             |     0: 0: 0   |     0: 0: 0   |      0.00   

48. SIMULATION FREQUENCY = 3.35 GHz 
-------------------------
 Green functions          |     0: 0: 0   |     0: 0: 0   |      0.00   
 Matrix load              |     0: 0: 1   |     0: 0: 0   |      0.00   
 Matrix solve             |     0: 0: 1   |     0: 0: 0   |      0.00   
 Port calibration         |     0: 0: 0   |     0: 0: 0   |      0.00   
 S parameters             |     0: 0: 0   |     0: 0: 0   |      0.00   

49. SIMULATION FREQUENCY = 3.4 GHz 
-------------------------
 Green functions          |     0: 0: 0   |     0: 0: 0   |      0.00   
 Matrix load              |     0: 0: 1   |     0: 0: 0   |      0.00   
 Matrix solve             |     0: 0: 0   |     0: 0: 0   |      0.00   
 Port calibration         |     0: 0: 0   |     0: 0: 0   |      0.00   
 S parameters             |     0: 0: 0   |     0: 0: 0   |      0.00   

50. SIMULATION FREQUENCY = 3.45 GHz 
-------------------------
 Green functions          |     0: 0: 1   |     0: 0: 0   |      0.00   
 Matrix load              |     0: 0: 2   |     0: 0: 1   |      0.00   
 Matrix solve             |     0: 0: 0   |     0: 0: 0   |      0.00   
 Port calibration         |     0: 0: 0   |     0: 0: 0   |      0.00   
 S parameters             |     0: 0: 0   |     0: 0: 0   |      0.00   

51. SIMULATION FREQUENCY = 3.5 GHz 
-------------------------
 Green functions          |     0: 0: 0   |     0: 0: 0   |      0.00   
 Matrix load              |     0: 0: 2   |     0: 0: 0   |      0.00   
 Matrix solve             |     0: 0: 0   |     0: 0: 0   |      0.00   
 Port calibration         |     0: 0: 0   |     0: 0: 0   |      0.00   
 S parameters             |     0: 0: 0   |     0: 0: 0   |      0.00   

52. SIMULATION FREQUENCY = 3.55 GHz 
-------------------------
 Green functions          |     0: 0: 0   |     0: 0: 0   |      0.00   
 Matrix load              |     0: 0: 2   |     0: 0: 0   |      0.00   
 Matrix solve             |     0: 0: 0   |     0: 0: 0   |      0.00   
 Port calibration         |     0: 0: 0   |     0: 0: 0   |      0.00   
 S parameters             |     0: 0: 0   |     0: 0: 0   |      0.00   

53. SIMULATION FREQUENCY = 3.6 GHz 
-------------------------
 Green functions          |     0: 0: 0   |     0: 0: 0   |      0.00   
 Matrix load              |     0: 0: 2   |     0: 0: 0   |      0.00   
 Matrix solve             |     0: 0: 0   |     0: 0: 0   |      0.00   
 Port calibration         |     0: 0: 0   |     0: 0: 0   |      0.00   
 S parameters             |     0: 0: 0   |     0: 0: 0   |      0.00   

54. SIMULATION FREQUENCY = 3.65 GHz 
-------------------------
 Green functions          |     0: 0: 1   |     0: 0: 1   |      0.00   
 Matrix load              |     0: 0: 1   |     0: 0: 0   |      0.00   
 Matrix solve             |     0: 0: 0   |     0: 0: 0   |      0.00   
 Port calibration         |     0: 0: 0   |     0: 0: 0   |      0.00   
 S parameters             |     0: 0: 0   |     0: 0: 0   |      0.00   

55. SIMULATION FREQUENCY = 3.7 GHz 
-------------------------
 Green functions          |     0: 0: 1   |     0: 0: 0   |      0.00   
 Matrix load              |     0: 0: 1   |     0: 0: 0   |      0.00   
 Matrix solve             |     0: 0: 0   |     0: 0: 0   |      0.00   
 Port calibration         |     0: 0: 0   |     0: 0: 0   |      0.00   
 S parameters             |     0: 0: 0   |     0: 0: 0   |      0.00   

56. SIMULATION FREQUENCY = 3.75 GHz 
-------------------------
 Green functions          |     0: 0: 1   |     0: 0: 0   |      0.00   
 Matrix load              |     0: 0: 2   |     0: 0: 0   |      0.00   
 Matrix solve             |     0: 0: 0   |     0: 0: 0   |      0.00   
 Port calibration         |     0: 0: 0   |     0: 0: 0   |      0.00   
 S parameters             |     0: 0: 0   |     0: 0: 0   |      0.00   

57. SIMULATION FREQUENCY = 3.8 GHz 
-------------------------
 Green functions          |     0: 0: 0   |     0: 0: 0   |      0.00   
 Matrix load              |     0: 0: 2   |     0: 0: 0   |      0.00   
 Matrix solve             |     0: 0: 0   |     0: 0: 1   |      0.00   
 Port calibration         |     0: 0: 0   |     0: 0: 0   |      0.00   
 S parameters             |     0: 0: 0   |     0: 0: 0   |      0.00   

58. SIMULATION FREQUENCY = 3.85 GHz 
-------------------------
 Green functions          |     0: 0: 0   |     0: 0: 0   |      0.00   
 Matrix load              |     0: 0: 2   |     0: 0: 0   |      0.00   
 Matrix solve             |     0: 0: 0   |     0: 0: 0   |      0.00   
 Port calibration         |     0: 0: 0   |     0: 0: 0   |      0.04   
 S parameters             |     0: 0: 0   |     0: 0: 0   |      0.00   

59. SIMULATION FREQUENCY = 3.9 GHz 
-------------------------
 Green functions          |     0: 0: 0   |     0: 0: 0   |      0.00   
 Matrix load              |     0: 0: 2   |     0: 0: 0   |      0.00   
 Matrix solve             |     0: 0: 0   |     0: 0: 0   |      0.00   
 Port calibration         |     0: 0: 0   |     0: 0: 0   |      0.00   
 S parameters             |     0: 0: 0   |     0: 0: 0   |      0.00   

60. SIMULATION FREQUENCY = 3.95 GHz 
-------------------------
 Green functions          |     0: 0: 1   |     0: 0: 0   |      0.00   
 Matrix load              |     0: 0: 1   |     0: 0: 0   |      0.00   
 Matrix solve             |     0: 0: 0   |     0: 0: 0   |      0.00   
 Port calibration         |     0: 0: 0   |     0: 0: 0   |      0.00   
 S parameters             |     0: 0: 0   |     0: 0: 0   |      0.00   

61. SIMULATION FREQUENCY = 4 GHz 
-------------------------
 Green functions          |     0: 0: 1   |     0: 0: 0   |      0.00   
 Matrix load              |     0: 0: 2   |     0: 0: 1   |      0.00   
 Matrix solve             |     0: 0: 0   |     0: 0: 0   |      0.00   
 Port calibration         |     0: 0: 0   |     0: 0: 0   |      0.00   
 S parameters             |     0: 0: 0   |     0: 0: 0   |      0.00   

62. SIMULATION FREQUENCY = 4.05 GHz 
-------------------------
 Green functions          |     0: 0: 0   |     0: 0: 0   |      0.00   
 Matrix load              |     0: 0: 2   |     0: 0: 0   |      0.00   
 Matrix solve             |     0: 0: 0   |     0: 0: 0   |      0.00   
 Port calibration         |     0: 0: 0   |     0: 0: 0   |      0.00   
 S parameters             |     0: 0: 0   |     0: 0: 0   |      0.00   

63. SIMULATION FREQUENCY = 4.1 GHz 
-------------------------
 Green functions          |     0: 0: 0   |     0: 0: 0   |      0.00   
 Matrix load              |     0: 0: 2   |     0: 0: 0   |      0.00   
 Matrix solve             |     0: 0: 0   |     0: 0: 0   |      0.00   
 Port calibration         |     0: 0: 0   |     0: 0: 0   |      0.00   
 S parameters             |     0: 0: 0   |     0: 0: 0   |      0.00   

64. SIMULATION FREQUENCY = 4.15 GHz 
-------------------------
 Green functions          |     0: 0: 1   |     0: 0: 0   |      0.00   
 Matrix load              |     0: 0: 1   |     0: 0: 0   |      0.00   
 Matrix solve             |     0: 0: 0   |     0: 0: 0   |      0.00   
 Port calibration         |     0: 0: 0   |     0: 0: 0   |      0.00   
 S parameters             |     0: 0: 0   |     0: 0: 0   |      0.00   

65. SIMULATION FREQUENCY = 4.2 GHz 
-------------------------
 Green functions          |     0: 0: 1   |     0: 0: 1   |      0.00   
 Matrix load              |     0: 0: 2   |     0: 0: 0   |      0.00   
 Matrix solve             |     0: 0: 0   |     0: 0: 0   |      0.00   
 Port calibration         |     0: 0: 0   |     0: 0: 0   |      0.02   
 S parameters             |     0: 0: 0   |     0: 0: 0   |      0.00   

66. SIMULATION FREQUENCY = 4.25 GHz 
-------------------------
 Green functions          |     0: 0: 0   |     0: 0: 0   |      0.00   
 Matrix load              |     0: 0: 1   |     0: 0: 0   |      0.00   
 Matrix solve             |     0: 0: 1   |     0: 0: 0   |      0.00   
 Port calibration         |     0: 0: 0   |     0: 0: 0   |      0.00   
 S parameters             |     0: 0: 0   |     0: 0: 0   |      0.00   

67. SIMULATION FREQUENCY = 4.3 GHz 
-------------------------
 Green functions          |     0: 0: 0   |     0: 0: 0   |      0.00   
 Matrix load              |     0: 0: 2   |     0: 0: 0   |      0.00   
 Matrix solve             |     0: 0: 0   |     0: 0: 0   |      0.00   
 Port calibration         |     0: 0: 0   |     0: 0: 0   |      0.01   
 S parameters             |     0: 0: 0   |     0: 0: 0   |      0.00   

68. SIMULATION FREQUENCY = 4.35 GHz 
-------------------------
 Green functions          |     0: 0: 0   |     0: 0: 0   |      0.00   
 Matrix load              |     0: 0: 2   |     0: 0: 1   |      0.00   
 Matrix solve             |     0: 0: 0   |     0: 0: 0   |      0.00   
 Port calibration         |     0: 0: 0   |     0: 0: 0   |      0.00   
 S parameters             |     0: 0: 0   |     0: 0: 0   |      0.00   

69. SIMULATION FREQUENCY = 4.4 GHz 
-------------------------
 Green functions          |     0: 0: 0   |     0: 0: 0   |      0.00   
 Matrix load              |     0: 0: 2   |     0: 0: 0   |      0.00   
 Matrix solve             |     0: 0: 0   |     0: 0: 0   |      0.00   
 Port calibration         |     0: 0: 0   |     0: 0: 0   |      0.00   
 S parameters             |     0: 0: 0   |     0: 0: 0   |      0.00   

70. SIMULATION FREQUENCY = 4.45 GHz 
-------------------------
 Green functions          |     0: 0: 0   |     0: 0: 0   |      0.00   
 Matrix load              |     0: 0: 2   |     0: 0: 0   |      0.00   
 Matrix solve             |     0: 0: 1   |     0: 0: 0   |      0.00   
 Port calibration         |     0: 0: 0   |     0: 0: 0   |      0.12   
 S parameters             |     0: 0: 0   |     0: 0: 0   |      0.00   

71. SIMULATION FREQUENCY = 4.5 GHz 
-------------------------
 Green functions          |     0: 0: 0   |     0: 0: 0   |      0.00   
 Matrix load              |     0: 0: 2   |     0: 0: 0   |      0.00   
 Matrix solve             |     0: 0: 0   |     0: 0: 0   |      0.00   
 Port calibration         |     0: 0: 0   |     0: 0: 0   |      0.00   
 S parameters             |     0: 0: 0   |     0: 0: 0   |      0.00   

------------------------------------------------------------------------------
TOTALS
------------------------------------------------------------------------------
 Nr of Frequencies   : 71 

 Physical memory :   180.21 MB
 Virtual memory  :   512.47 MB
 Page faults     :          80
 User Time       :    0h 2m34s
 Elapsed Time    :    0h 0m19s

==============================================================================

